#
# A fatal error has been detected by the Java Runtime Environment:
#
#  EXCEPTION_ACCESS_VIOLATION (0xc0000005) at pc=0x0000000061e12348, pid=7112, tid=0x000000000000068c
#
# JRE version: OpenJDK Runtime Environment (8.0_152-b06) (build 1.8.0_152-release-1136-b06)
# Java VM: OpenJDK 64-Bit Server VM (25.152-b06 mixed mode windows-amd64 compressed oops)
# Problematic frame:
# V  [jvm.dll+0x412348]
#
# Failed to write core dump. Minidumps are not enabled by default on client versions of Windows
#
# If you would like to submit a bug report, please visit:
#   http://bugreport.java.com/bugreport/crash.jsp
#

---------------  T H R E A D  ---------------

Current thread (0x0000000018e97000):  JavaThread "C1 CompilerThread3" daemon [_thread_in_native, id=1676, stack(0x0000000019960000,0x0000000019a60000)]

siginfo: ExceptionCode=0xc0000005, reading address 0x0000000042021958

Registers:
RAX=0x0000000042021908, RBX=0x000000001d5d7480, RCX=0x000000001d5d7480, RDX=0x000000001d5d7480
RSP=0x0000000019a5f1e0, RBP=0x000000001e7198d0, RSI=0x000000001d5d7480, RDI=0x0000000000000000
R8 =0x0000000000000000, R9 =0x0000000000007fe8, R10=0x0000000000000000, R11=0x0000000019a5f160
R12=0x00000000ffffffff, R13=0x0000000018e8efa0, R14=0x0000000018e90d20, R15=0x0000000018e90d60
RIP=0x0000000061e12348, EFLAGS=0x0000000000010202

Top of Stack: (sp=0x0000000019a5f1e0)
0x0000000019a5f1e0:   0000000018e8efa0 0000000018e8efa0
0x0000000019a5f1f0:   0000000062020f80 0000000000000000
0x0000000019a5f200:   0000000000000000 0000000061e156c4
0x0000000019a5f210:   0000000019a5f260 0000000019a5f260
0x0000000019a5f220:   0000000000000284 0000000000000284
0x0000000019a5f230:   0000000062189150 0000000061e1570d
0x0000000019a5f240:   0000000019a5f4e0 0000000000000000
0x0000000019a5f250:   0000000019a5f8c0 0000000000000000
0x0000000019a5f260:   0000000000000284 000000001e7198d0
0x0000000019a5f270:   0000000000000284 000000001e748a60
0x0000000019a5f280:   0000000000000284 000000001e749e80
0x0000000019a5f290:   0000000062023958 00000000ffffffff
0x0000000019a5f2a0:   0000000019a5f260 0000000019a5f8c0
0x0000000019a5f2b0:   0000000062189150 0000000061dda964
0x0000000019a5f2c0:   0000000019a5f4e0 0000000019a5f8c0
0x0000000019a5f2d0:   0000000019a5f4e0 0000000000007fd8 

Instructions: (pc=0x0000000061e12348)
0x0000000061e12328:   24 08 57 48 83 ec 20 40 32 ff 48 89 5c 24 38 48
0x0000000061e12338:   8b f2 48 8b da 48 85 d2 74 20 48 8b 03 48 8b cb
0x0000000061e12348:   ff 50 50 48 8b 5b 20 48 85 c0 0f 95 c0 40 0a f8
0x0000000061e12358:   48 85 db 75 e5 48 8b 4c 24 30 33 db 39 9e f0 00 


Register to memory mapping:

RAX=0x0000000042021908 is an unknown value
RBX=0x000000001d5d7480 is an unknown value
RCX=0x000000001d5d7480 is an unknown value
RDX=0x000000001d5d7480 is an unknown value
RSP=0x0000000019a5f1e0 is pointing into the stack for thread: 0x0000000018e97000
RBP=0x000000001e7198d0 is an unknown value
RSI=0x000000001d5d7480 is an unknown value
RDI=0x0000000000000000 is an unknown value
R8 =0x0000000000000000 is an unknown value
R9 =0x0000000000007fe8 is an unknown value
R10=0x0000000000000000 is an unknown value
R11=0x0000000019a5f160 is pointing into the stack for thread: 0x0000000018e97000
R12=0x00000000ffffffff is an unallocated location in the heap
R13=0x0000000018e8efa0 is an unknown value
R14=0x0000000018e90d20 is an unknown value
R15=0x0000000018e90d60 is an unknown value


Stack: [0x0000000019960000,0x0000000019a60000],  sp=0x0000000019a5f1e0,  free space=1020k
Native frames: (J=compiled Java code, j=interpreted, Vv=VM code, C=native code)
V  [jvm.dll+0x412348]
V  [jvm.dll+0x4156c4]
V  [jvm.dll+0x41570d]
V  [jvm.dll+0x3da964]
V  [jvm.dll+0x3daa91]
V  [jvm.dll+0x3dac52]
V  [jvm.dll+0x3dae21]
V  [jvm.dll+0x3db02f]
V  [jvm.dll+0x813d8]
V  [jvm.dll+0x81d0f]
V  [jvm.dll+0x21d41f]
V  [jvm.dll+0x26d9aa]
C  [msvcr100.dll+0x21d9f]
C  [msvcr100.dll+0x21e3b]
C  [KERNEL32.DLL+0x13034]
C  [ntdll.dll+0x73691]


Current CompileTask:
C1:   1855 2077       3       org.objectweb.asm.MethodWriter::visitMaxs (1150 bytes)


---------------  P R O C E S S  ---------------

Java Threads: ( => current thread )
  0x000000001b0d7800 JavaThread "Cache worker for file hash cache (C:\Users\garae\sourceCode\UgatuRasp\.gradle\4.6\fileHashes)" [_thread_blocked, id=9512, stack(0x000000001d990000,0x000000001da90000)]
  0x000000001afb3800 JavaThread "File lock request listener" [_thread_in_native, id=7412, stack(0x000000001c8c0000,0x000000001c9c0000)]
  0x000000001ad3e000 JavaThread "Cache worker for file hash cache (C:\Users\garae\.gradle\caches\4.6\fileHashes)" [_thread_blocked, id=11136, stack(0x000000001c5c0000,0x000000001c6c0000)]
  0x000000001ad40000 JavaThread "Stdin handler" [_thread_blocked, id=5500, stack(0x000000001c3c0000,0x000000001c4c0000)]
  0x000000001ad3e800 JavaThread "Asynchronous log dispatcher for DefaultDaemonConnection: socket connection from /127.0.0.1:4626 to /127.0.0.1:4627" [_thread_blocked, id=224, stack(0x000000001c2c0000,0x000000001c3c0000)]
  0x000000001ad43000 JavaThread "Daemon worker" [_thread_blocked, id=12252, stack(0x000000001c1c0000,0x000000001c2c0000)]
  0x000000001ad41800 JavaThread "Cancel handler" [_thread_blocked, id=364, stack(0x000000001c0c0000,0x000000001c1c0000)]
  0x000000001ad0f800 JavaThread "Handler for socket connection from /127.0.0.1:4626 to /127.0.0.1:4627" [_thread_in_native, id=1992, stack(0x000000001bdc0000,0x000000001bec0000)]
  0x000000001ad0e800 JavaThread "Daemon" [_thread_blocked, id=2412, stack(0x000000001bcc0000,0x000000001bdc0000)]
  0x000000001ade5800 JavaThread "Daemon periodic checks" [_thread_blocked, id=7044, stack(0x000000001bbc0000,0x000000001bcc0000)]
  0x000000001ab75800 JavaThread "Incoming local TCP Connector on port 4626" [_thread_in_native, id=1548, stack(0x000000001b970000,0x000000001ba70000)]
  0x0000000018f1b000 JavaThread "Service Thread" daemon [_thread_blocked, id=9588, stack(0x0000000019a60000,0x0000000019b60000)]
=>0x0000000018e97000 JavaThread "C1 CompilerThread3" daemon [_thread_in_native, id=1676, stack(0x0000000019960000,0x0000000019a60000)]
  0x0000000018e8f800 JavaThread "C2 CompilerThread2" daemon [_thread_in_native, id=5048, stack(0x0000000019860000,0x0000000019960000)]
  0x0000000018e8d800 JavaThread "C2 CompilerThread1" daemon [_thread_in_native, id=9660, stack(0x0000000019760000,0x0000000019860000)]
  0x0000000018e88800 JavaThread "C2 CompilerThread0" daemon [_thread_in_native, id=2284, stack(0x0000000019660000,0x0000000019760000)]
  0x0000000018e87800 JavaThread "Attach Listener" daemon [_thread_blocked, id=372, stack(0x0000000019560000,0x0000000019660000)]
  0x0000000018e96000 JavaThread "Signal Dispatcher" daemon [_thread_blocked, id=10136, stack(0x0000000019460000,0x0000000019560000)]
  0x000000000312e000 JavaThread "Finalizer" daemon [_thread_blocked, id=4488, stack(0x0000000019260000,0x0000000019360000)]
  0x0000000003127000 JavaThread "Reference Handler" daemon [_thread_blocked, id=2244, stack(0x0000000018d60000,0x0000000018e60000)]
  0x00000000031ae000 JavaThread "main" [_thread_blocked, id=9104, stack(0x0000000002f20000,0x0000000003020000)]

Other Threads:
  0x0000000016f65000 VMThread [stack: 0x0000000018c60000,0x0000000018d60000] [id=6024]
  0x0000000018eae800 WatcherThread [stack: 0x0000000019b60000,0x0000000019c60000] [id=9376]

VM state:at safepoint (normal execution)

VM Mutex/Monitor currently owned by a thread:  ([mutex/lock_event])
[0x00000000031ac730] Threads_lock - owner thread: 0x0000000016f65000
[0x00000000031acab0] Heap_lock - owner thread: 0x000000001ad43000

Heap:
 PSYoungGen      total 76288K, used 65536K [0x00000000e0000000, 0x00000000e9500000, 0x0000000100000000)
  eden space 65536K, 100% used [0x00000000e0000000,0x00000000e4000000,0x00000000e4000000)
  from space 10752K, 0% used [0x00000000e4000000,0x00000000e4000000,0x00000000e4a80000)
  to   space 10752K, 63% used [0x00000000e8a80000,0x00000000e912c5d8,0x00000000e9500000)
 ParOldGen       total 109568K, used 8769K [0x00000000a0000000, 0x00000000a6b00000, 0x00000000e0000000)
  object space 109568K, 8% used [0x00000000a0000000,0x00000000a0890778,0x00000000a6b00000)
 Metaspace       used 26338K, capacity 26710K, committed 26880K, reserved 1073152K
  class space    used 3624K, capacity 3747K, committed 3840K, reserved 1048576K

Card table byte_map: [0x0000000012570000,0x0000000012880000] byte_map_base: 0x0000000012070000

Marking Bits: (ParMarkBitMap*) 0x00000000621c5aa0
 Begin Bits: [0x0000000013280000, 0x0000000014a80000)
 End Bits:   [0x0000000014a80000, 0x0000000016280000)

Polling page: 0x00000000016d0000

CodeCache: size=245760Kb used=7957Kb max_used=7957Kb free=237802Kb
 bounds [0x00000000031b0000, 0x0000000003980000, 0x00000000121b0000]
 total_blobs=2707 nmethods=2063 adapters=557
 compilation: enabled

Compilation events (10 events):
Event: 1.838 Thread 0x0000000018e97000 nmethod 2068 0x0000000003973d50 code [0x0000000003973ec0, 0x0000000003974118]
Event: 1.838 Thread 0x0000000018e97000 2069       3       org.gradle.internal.reflect.PropertyAccessorType::propertyNameFor (9 bytes)
Event: 1.838 Thread 0x0000000018e97000 nmethod 2069 0x0000000003974210 code [0x00000000039743a0, 0x0000000003974758]
Event: 1.838 Thread 0x0000000018e97000 2071       3       java.util.TreeMap::successor (66 bytes)
Event: 1.838 Thread 0x0000000018e97000 nmethod 2071 0x00000000039748d0 code [0x0000000003974a60, 0x0000000003974dd0]
Event: 1.838 Thread 0x0000000018e97000 2070       3       org.gradle.internal.reflect.MutableClassDetails::property (41 bytes)
Event: 1.839 Thread 0x0000000018e97000 nmethod 2070 0x0000000003974f50 code [0x00000000039751e0, 0x0000000003976458]
Event: 1.839 Thread 0x0000000018e97000 2075       3       org.objectweb.asm.Frame::merge (576 bytes)
Event: 1.839 Thread 0x0000000018e97000 nmethod 2075 0x0000000003977390 code [0x0000000003977620, 0x00000000039786f8]
Event: 1.839 Thread 0x0000000018e97000 2077       3       org.objectweb.asm.MethodWriter::visitMaxs (1150 bytes)

GC Heap History (8 events):
Event: 0.717 GC heap before
{Heap before GC invocations=1 (full 0):
 PSYoungGen      total 76288K, used 65536K [0x00000000e0000000, 0x00000000e5500000, 0x0000000100000000)
  eden space 65536K, 100% used [0x00000000e0000000,0x00000000e4000000,0x00000000e4000000)
  from space 10752K, 0% used [0x00000000e4a80000,0x00000000e4a80000,0x00000000e5500000)
  to   space 10752K, 0% used [0x00000000e4000000,0x00000000e4000000,0x00000000e4a80000)
 ParOldGen       total 175104K, used 0K [0x00000000a0000000, 0x00000000aab00000, 0x00000000e0000000)
  object space 175104K, 0% used [0x00000000a0000000,0x00000000a0000000,0x00000000aab00000)
 Metaspace       used 10424K, capacity 10644K, committed 10752K, reserved 1058816K
  class space    used 1367K, capacity 1458K, committed 1536K, reserved 1048576K
Event: 0.724 GC heap after
Heap after GC invocations=1 (full 0):
 PSYoungGen      total 76288K, used 7712K [0x00000000e0000000, 0x00000000e5500000, 0x0000000100000000)
  eden space 65536K, 0% used [0x00000000e0000000,0x00000000e0000000,0x00000000e4000000)
  from space 10752K, 71% used [0x00000000e4000000,0x00000000e4788320,0x00000000e4a80000)
  to   space 10752K, 0% used [0x00000000e4a80000,0x00000000e4a80000,0x00000000e5500000)
 ParOldGen       total 175104K, used 16K [0x00000000a0000000, 0x00000000aab00000, 0x00000000e0000000)
  object space 175104K, 0% used [0x00000000a0000000,0x00000000a0004000,0x00000000aab00000)
 Metaspace       used 10424K, capacity 10644K, committed 10752K, reserved 1058816K
  class space    used 1367K, capacity 1458K, committed 1536K, reserved 1048576K
}
Event: 1.110 GC heap before
{Heap before GC invocations=2 (full 0):
 PSYoungGen      total 76288K, used 73248K [0x00000000e0000000, 0x00000000e5500000, 0x0000000100000000)
  eden space 65536K, 100% used [0x00000000e0000000,0x00000000e4000000,0x00000000e4000000)
  from space 10752K, 71% used [0x00000000e4000000,0x00000000e4788320,0x00000000e4a80000)
  to   space 10752K, 0% used [0x00000000e4a80000,0x00000000e4a80000,0x00000000e5500000)
 ParOldGen       total 175104K, used 16K [0x00000000a0000000, 0x00000000aab00000, 0x00000000e0000000)
  object space 175104K, 0% used [0x00000000a0000000,0x00000000a0004000,0x00000000aab00000)
 Metaspace       used 16652K, capacity 16958K, committed 17152K, reserved 1064960K
  class space    used 2406K, capacity 2537K, committed 2560K, reserved 1048576K
Event: 1.116 GC heap after
Heap after GC invocations=2 (full 0):
 PSYoungGen      total 76288K, used 10555K [0x00000000e0000000, 0x00000000e9500000, 0x0000000100000000)
  eden space 65536K, 0% used [0x00000000e0000000,0x00000000e0000000,0x00000000e4000000)
  from space 10752K, 98% used [0x00000000e4a80000,0x00000000e54ced28,0x00000000e5500000)
  to   space 10752K, 0% used [0x00000000e4000000,0x00000000e4000000,0x00000000e4a80000)
 ParOldGen       total 175104K, used 24K [0x00000000a0000000, 0x00000000aab00000, 0x00000000e0000000)
  object space 175104K, 0% used [0x00000000a0000000,0x00000000a0006000,0x00000000aab00000)
 Metaspace       used 16652K, capacity 16958K, committed 17152K, reserved 1064960K
  class space    used 2406K, capacity 2537K, committed 2560K, reserved 1048576K
}
Event: 1.295 GC heap before
{Heap before GC invocations=3 (full 0):
 PSYoungGen      total 76288K, used 33724K [0x00000000e0000000, 0x00000000e9500000, 0x0000000100000000)
  eden space 65536K, 35% used [0x00000000e0000000,0x00000000e16a04f0,0x00000000e4000000)
  from space 10752K, 98% used [0x00000000e4a80000,0x00000000e54ced28,0x00000000e5500000)
  to   space 10752K, 0% used [0x00000000e4000000,0x00000000e4000000,0x00000000e4a80000)
 ParOldGen       total 175104K, used 24K [0x00000000a0000000, 0x00000000aab00000, 0x00000000e0000000)
  object space 175104K, 0% used [0x00000000a0000000,0x00000000a0006000,0x00000000aab00000)
 Metaspace       used 20783K, capacity 21116K, committed 21248K, reserved 1067008K
  class space    used 2913K, capacity 3022K, committed 3072K, reserved 1048576K
Event: 1.301 GC heap after
Heap after GC invocations=3 (full 0):
 PSYoungGen      total 76288K, used 9015K [0x00000000e0000000, 0x00000000e9500000, 0x0000000100000000)
  eden space 65536K, 0% used [0x00000000e0000000,0x00000000e0000000,0x00000000e4000000)
  from space 10752K, 83% used [0x00000000e4000000,0x00000000e48cde58,0x00000000e4a80000)
  to   space 10752K, 0% used [0x00000000e8a80000,0x00000000e8a80000,0x00000000e9500000)
 ParOldGen       total 175104K, used 32K [0x00000000a0000000, 0x00000000aab00000, 0x00000000e0000000)
  object space 175104K, 0% used [0x00000000a0000000,0x00000000a0008000,0x00000000aab00000)
 Metaspace       used 20783K, capacity 21116K, committed 21248K, reserved 1067008K
  class space    used 2913K, capacity 3022K, committed 3072K, reserved 1048576K
}
Event: 1.301 GC heap before
{Heap before GC invocations=4 (full 1):
 PSYoungGen      total 76288K, used 9015K [0x00000000e0000000, 0x00000000e9500000, 0x0000000100000000)
  eden space 65536K, 0% used [0x00000000e0000000,0x00000000e0000000,0x00000000e4000000)
  from space 10752K, 83% used [0x00000000e4000000,0x00000000e48cde58,0x00000000e4a80000)
  to   space 10752K, 0% used [0x00000000e8a80000,0x00000000e8a80000,0x00000000e9500000)
 ParOldGen       total 175104K, used 32K [0x00000000a0000000, 0x00000000aab00000, 0x00000000e0000000)
  object space 175104K, 0% used [0x00000000a0000000,0x00000000a0008000,0x00000000aab00000)
 Metaspace       used 20783K, capacity 21116K, committed 21248K, reserved 1067008K
  class space    used 2913K, capacity 3022K, committed 3072K, reserved 1048576K
Event: 1.329 GC heap after
Heap after GC invocations=4 (full 1):
 PSYoungGen      total 76288K, used 0K [0x00000000e0000000, 0x00000000e9500000, 0x0000000100000000)
  eden space 65536K, 0% used [0x00000000e0000000,0x00000000e0000000,0x00000000e4000000)
  from space 10752K, 0% used [0x00000000e4000000,0x00000000e4000000,0x00000000e4a80000)
  to   space 10752K, 0% used [0x00000000e8a80000,0x00000000e8a80000,0x00000000e9500000)
 ParOldGen       total 109568K, used 8761K [0x00000000a0000000, 0x00000000a6b00000, 0x00000000e0000000)
  object space 109568K, 7% used [0x00000000a0000000,0x00000000a088e778,0x00000000a6b00000)
 Metaspace       used 20783K, capacity 21116K, committed 21248K, reserved 1067008K
  class space    used 2913K, capacity 3022K, committed 3072K, reserved 1048576K
}

Deoptimization events (10 events):
Event: 1.568 Thread 0x000000001ad43000 Uncommon trap: reason=unstable_if action=reinterpret pc=0x00000000035917bc method=java.util.HashMap.getNode(ILjava/lang/Object;)Ljava/util/HashMap$Node; @ 53
Event: 1.568 Thread 0x000000001ad43000 Uncommon trap: reason=unstable_if action=reinterpret pc=0x00000000034a60f0 method=java.util.HashMap.hash(Ljava/lang/Object;)I @ 1
Event: 1.568 Thread 0x000000001ad43000 Uncommon trap: reason=unstable_if action=reinterpret pc=0x00000000035e2d9c method=java.util.HashMap.putVal(ILjava/lang/Object;Ljava/lang/Object;ZZ)Ljava/lang/Object; @ 85
Event: 1.577 Thread 0x000000001ad43000 Uncommon trap: reason=class_check action=maybe_recompile pc=0x00000000036d9b40 method=java.lang.reflect.Method.equals(Ljava/lang/Object;)Z @ 5
Event: 1.578 Thread 0x000000001ad43000 Uncommon trap: reason=class_check action=maybe_recompile pc=0x00000000036d9b40 method=java.lang.reflect.Method.equals(Ljava/lang/Object;)Z @ 5
Event: 1.626 Thread 0x000000001ad43000 Uncommon trap: reason=unstable_if action=reinterpret pc=0x000000000344ffb0 method=java.util.LinkedHashMap.afterNodeInsertion(Z)V @ 1
Event: 1.638 Thread 0x000000001ad43000 Uncommon trap: reason=class_check action=maybe_recompile pc=0x00000000036d9b40 method=java.lang.reflect.Method.equals(Ljava/lang/Object;)Z @ 5
Event: 1.638 Thread 0x000000001ad43000 Uncommon trap: reason=class_check action=maybe_recompile pc=0x00000000036d9b40 method=java.lang.reflect.Method.equals(Ljava/lang/Object;)Z @ 5
Event: 1.727 Thread 0x000000001ad43000 Uncommon trap: reason=class_check action=maybe_recompile pc=0x00000000036d2e14 method=sun.misc.URLClassPath.getLoader(I)Lsun/misc/URLClassPath$Loader; @ 94
Event: 1.788 Thread 0x000000001ad43000 Uncommon trap: reason=unstable_if action=reinterpret pc=0x0000000003429f8c method=java.io.WinNTFileSystem.resolve(Ljava/lang/String;Ljava/lang/String;)Ljava/lang/String; @ 49

Classes redefined (0 events):
No events

Internal exceptions (10 events):
Event: 1.815 Thread 0x000000001ad43000 Exception <a 'java/lang/ClassNotFoundException': org/gradle/api/internal/DefaultNamedDomainObjectCollectionBeanInfo> (0x00000000e3b50608) thrown at [D:\src\AOSP-openjdk-cygwin\jdk8u\hotspot\src\share\vm\classfile\systemDictionary.cpp, line 210]
Event: 1.815 Thread 0x000000001ad43000 Exception <a 'java/lang/ClassNotFoundException': org/gradle/api/internal/DefaultDomainObjectCollectionBeanInfo> (0x00000000e3b7d6f8) thrown at [D:\src\AOSP-openjdk-cygwin\jdk8u\hotspot\src\share\vm\classfile\systemDictionary.cpp, line 210]
Event: 1.815 Thread 0x000000001ad43000 Exception <a 'java/lang/ClassNotFoundException': java/util/AbstractCollectionBeanInfo> (0x00000000e3b81740) thrown at [D:\src\AOSP-openjdk-cygwin\jdk8u\hotspot\src\share\vm\classfile\systemDictionary.cpp, line 210]
Event: 1.816 Thread 0x000000001ad43000 Exception <a 'java/lang/ClassNotFoundException': java/util/AbstractCollectionCustomizer> (0x00000000e3b85758) thrown at [D:\src\AOSP-openjdk-cygwin\jdk8u\hotspot\src\share\vm\classfile\systemDictionary.cpp, line 210]
Event: 1.819 Thread 0x000000001ad43000 Exception <a 'java/lang/ClassNotFoundException': org/gradle/api/internal/DefaultDomainObjectCollectionCustomizer> (0x00000000e3bbfa30) thrown at [D:\src\AOSP-openjdk-cygwin\jdk8u\hotspot\src\share\vm\classfile\systemDictionary.cpp, line 210]
Event: 1.823 Thread 0x000000001ad43000 Exception <a 'java/lang/ClassNotFoundException': org/gradle/api/internal/DefaultNamedDomainObjectCollectionCustomizer> (0x00000000e3c16718) thrown at [D:\src\AOSP-openjdk-cygwin\jdk8u\hotspot\src\share\vm\classfile\systemDictionary.cpp, line 210]
Event: 1.824 Thread 0x000000001ad43000 Exception <a 'java/lang/ClassNotFoundException': org/gradle/api/internal/DefaultNamedDomainObjectListCustomizer> (0x00000000e3c6ed98) thrown at [D:\src\AOSP-openjdk-cygwin\jdk8u\hotspot\src\share\vm\classfile\systemDictionary.cpp, line 210]
Event: 1.826 Thread 0x000000001ad43000 Exception <a 'java/lang/ClassNotFoundException': org/gradle/api/internal/artifacts/DefaultArtifactRepositoryContainerCustomizer> (0x00000000e3cde3c0) thrown at [D:\src\AOSP-openjdk-cygwin\jdk8u\hotspot\src\share\vm\classfile\systemDictionary.cpp, line 210
Event: 1.827 Thread 0x000000001ad43000 Exception <a 'java/lang/ClassNotFoundException': org/gradle/api/internal/artifacts/dsl/DefaultRepositoryHandlerCustomizer> (0x00000000e3d3fc88) thrown at [D:\src\AOSP-openjdk-cygwin\jdk8u\hotspot\src\share\vm\classfile\systemDictionary.cpp, line 210]
Event: 1.828 Thread 0x000000001ad43000 Exception <a 'java/lang/ClassNotFoundException': org/gradle/api/internal/artifacts/dsl/DefaultRepositoryHandler_DecoratedCustomizer> (0x00000000e3daa120) thrown at [D:\src\AOSP-openjdk-cygwin\jdk8u\hotspot\src\share\vm\classfile\systemDictionary.cpp, line

Events (10 events):
Event: 1.834 loading class org/gradle/api/reflect/HasPublicType
Event: 1.834 loading class org/gradle/api/reflect/HasPublicType done
Event: 1.835 loading class org/gradle/api/internal/AbstractNamedDomainObjectContainer$1
Event: 1.835 loading class org/gradle/api/internal/AbstractNamedDomainObjectContainer$1 done
Event: 1.835 loading class org/gradle/api/internal/PolymorphicDomainObjectContainerConfigureDelegate
Event: 1.835 loading class org/gradle/api/internal/PolymorphicDomainObjectContainerConfigureDelegate done
Event: 1.839 loading class org/gradle/api/Named$Namer
Event: 1.839 loading class org/gradle/api/Named$Namer done
Event: 1.840 loading class org/gradle/api/internal/AbstractPolymorphicDomainObjectContainer$ContainerElementsDynamicObject
Event: 1.840 loading class org/gradle/api/internal/AbstractPolymorphicDomainObjectContainer$ContainerElementsDynamicObject done


Dynamic libraries:
0x00007ff78af80000 - 0x00007ff78afb1000 	C:\Program Files\Android\Android Studio\jre\bin\java.exe
0x00007ffcdf9c0000 - 0x00007ffcdfba1000 	C:\WINDOWS\SYSTEM32\ntdll.dll
0x00007ffcdf4d0000 - 0x00007ffcdf582000 	C:\WINDOWS\System32\KERNEL32.DLL
0x00007ffcdcbd0000 - 0x00007ffcdce43000 	C:\WINDOWS\System32\KERNELBASE.dll
0x00007ffcdf590000 - 0x00007ffcdf631000 	C:\WINDOWS\System32\ADVAPI32.dll
0x00007ffcdd8e0000 - 0x00007ffcdd97e000 	C:\WINDOWS\System32\msvcrt.dll
0x00007ffcdcf40000 - 0x00007ffcdcf9b000 	C:\WINDOWS\System32\sechost.dll
0x00007ffcdd320000 - 0x00007ffcdd444000 	C:\WINDOWS\System32\RPCRT4.dll
0x00007ffcdd120000 - 0x00007ffcdd2b0000 	C:\WINDOWS\System32\USER32.dll
0x00007ffcdc1c0000 - 0x00007ffcdc1e0000 	C:\WINDOWS\System32\win32u.dll
0x00007ffcdd450000 - 0x00007ffcdd478000 	C:\WINDOWS\System32\GDI32.dll
0x00007ffcdbd90000 - 0x00007ffcdbf22000 	C:\WINDOWS\System32\gdi32full.dll
0x00007ffcdc120000 - 0x00007ffcdc1bf000 	C:\WINDOWS\System32\msvcp_win.dll
0x00007ffcdc1e0000 - 0x00007ffcdc2da000 	C:\WINDOWS\System32\ucrtbase.dll
0x00007ffcd38a0000 - 0x00007ffcd3b09000 	C:\WINDOWS\WinSxS\amd64_microsoft.windows.common-controls_6595b64144ccf1df_6.0.17134.471_none_fb3e9aab3068fc16\COMCTL32.dll
0x00007ffcddc50000 - 0x00007ffcddf72000 	C:\WINDOWS\System32\combase.dll
0x00007ffcdcb50000 - 0x00007ffcdcbca000 	C:\WINDOWS\System32\bcryptPrimitives.dll
0x00007ffcddc20000 - 0x00007ffcddc4d000 	C:\WINDOWS\System32\IMM32.DLL
0x0000000061790000 - 0x0000000061862000 	C:\Program Files\Android\Android Studio\jre\jre\bin\msvcr100.dll
0x0000000061a00000 - 0x0000000062241000 	C:\Program Files\Android\Android Studio\jre\jre\bin\server\jvm.dll
0x00007ffcdd480000 - 0x00007ffcdd488000 	C:\WINDOWS\System32\PSAPI.DLL
0x00007ffcd9e40000 - 0x00007ffcd9e63000 	C:\WINDOWS\SYSTEM32\WINMM.dll
0x00007ffcd8980000 - 0x00007ffcd8989000 	C:\WINDOWS\SYSTEM32\WSOCK32.dll
0x00007ffcd6c90000 - 0x00007ffcd6c9a000 	C:\WINDOWS\SYSTEM32\VERSION.dll
0x00007ffcddb10000 - 0x00007ffcddb7c000 	C:\WINDOWS\System32\WS2_32.dll
0x00007ffcd99f0000 - 0x00007ffcd9a1a000 	C:\WINDOWS\SYSTEM32\WINMMBASE.dll
0x00007ffcdcb00000 - 0x00007ffcdcb49000 	C:\WINDOWS\System32\cfgmgr32.dll
0x00007ffcd8900000 - 0x00007ffcd890f000 	C:\Program Files\Android\Android Studio\jre\jre\bin\verify.dll
0x00007ffccdd50000 - 0x00007ffccdd79000 	C:\Program Files\Android\Android Studio\jre\jre\bin\java.dll
0x00007ffcd3790000 - 0x00007ffcd37a6000 	C:\Program Files\Android\Android Studio\jre\jre\bin\zip.dll
0x00007ffcde030000 - 0x00007ffcdf470000 	C:\WINDOWS\System32\SHELL32.dll
0x00007ffcddf80000 - 0x00007ffcde029000 	C:\WINDOWS\System32\shcore.dll
0x00007ffcdc340000 - 0x00007ffcdca4d000 	C:\WINDOWS\System32\windows.storage.dll
0x00007ffcdd2b0000 - 0x00007ffcdd301000 	C:\WINDOWS\System32\shlwapi.dll
0x00007ffcdbcf0000 - 0x00007ffcdbd01000 	C:\WINDOWS\System32\kernel.appcore.dll
0x00007ffcdbd70000 - 0x00007ffcdbd8f000 	C:\WINDOWS\System32\profapi.dll
0x00007ffcdbd10000 - 0x00007ffcdbd5c000 	C:\WINDOWS\System32\powrprof.dll
0x00007ffcdbd60000 - 0x00007ffcdbd6a000 	C:\WINDOWS\System32\FLTLIB.DLL
0x00007ffccfee0000 - 0x00007ffccfefa000 	C:\Program Files\Android\Android Studio\jre\jre\bin\net.dll
0x00007ffcdb550000 - 0x00007ffcdb5b6000 	C:\WINDOWS\system32\mswsock.dll
0x00007ffccdae0000 - 0x00007ffccdaf1000 	C:\Program Files\Android\Android Studio\jre\jre\bin\nio.dll
0x00007ffcbdad0000 - 0x00007ffcbdaee000 	C:\Users\garae\.gradle\native\25\windows-amd64\native-platform.dll
0x00007ffcd80c0000 - 0x00007ffcd80cd000 	C:\Program Files\Android\Android Studio\jre\jre\bin\management.dll
0x00007ffcdb710000 - 0x00007ffcdb727000 	C:\WINDOWS\SYSTEM32\CRYPTSP.dll
0x00007ffcdb130000 - 0x00007ffcdb163000 	C:\WINDOWS\system32\rsaenh.dll
0x00007ffcdb830000 - 0x00007ffcdb855000 	C:\WINDOWS\SYSTEM32\bcrypt.dll
0x00007ffcdbc00000 - 0x00007ffcdbc28000 	C:\WINDOWS\SYSTEM32\USERENV.dll
0x00007ffcdb700000 - 0x00007ffcdb70b000 	C:\WINDOWS\SYSTEM32\CRYPTBASE.dll
0x00007ffcdb2d0000 - 0x00007ffcdb308000 	C:\WINDOWS\SYSTEM32\IPHLPAPI.DLL
0x00007ffcdd310000 - 0x00007ffcdd318000 	C:\WINDOWS\System32\NSI.dll
0x00007ffcd64a0000 - 0x00007ffcd64b6000 	C:\WINDOWS\SYSTEM32\dhcpcsvc6.DLL
0x00007ffcd6480000 - 0x00007ffcd649a000 	C:\WINDOWS\SYSTEM32\dhcpcsvc.DLL
0x00007ffccd3c0000 - 0x00007ffccd589000 	C:\WINDOWS\SYSTEM32\dbghelp.dll

VM Arguments:
jvm_args: -Xmx1536m -Dfile.encoding=windows-1251 -Duser.country=RU -Duser.language=ru -Duser.variant 
java_command: org.gradle.launcher.daemon.bootstrap.GradleDaemon 4.6
java_class_path (initial): C:\Users\garae\.gradle\wrapper\dists\gradle-4.6-all\bcst21l2brirad8k2ben1letg\gradle-4.6\lib\gradle-launcher-4.6.jar
Launcher Type: SUN_STANDARD

Environment Variables:
PATH=C:\WINDOWS\system32;C:\WINDOWS;C:\WINDOWS\System32\Wbem;C:\WINDOWS\System32\WindowsPowerShell\v1.0\;C:\WINDOWS\System32\OpenSSH\;C:\Program Files (x86)\NVIDIA Corporation\PhysX\Common;C:\Program Files\NVIDIA Corporation\NVIDIA NvDLISR;C:\Users\garae\AppData\Local\Microsoft\WindowsApps;;C:\Users\garae\AppData\Local\Programs\Microsoft VS Code\bin
USERNAME=garae
OS=Windows_NT
PROCESSOR_IDENTIFIER=Intel64 Family 6 Model 158 Stepping 9, GenuineIntel



---------------  S Y S T E M  ---------------

OS: Windows 10.0 , 64 bit Build 17134 (10.0.17134.1)

CPU:total 8 (initial active 8) (4 cores per cpu, 2 threads per core) family 6 model 158 stepping 9, cmov, cx8, fxsr, mmx, sse, sse2, sse3, ssse3, sse4.1, sse4.2, popcnt, avx, avx2, aes, clmul, erms, rtm, 3dnowpref, lzcnt, ht, tsc, tscinvbit, bmi1, bmi2, adx

Memory: 4k page, physical 16717396k(10154796k free), swap 19732052k(10427468k free)

vm_info: OpenJDK 64-Bit Server VM (25.152-b06) for windows-amd64 JRE (1.8.0_152-release-1136-b06), built by "builder" with MS VC++ 10.0 (VS2010)

time: Thu Dec 20 16:11:32 2018
elapsed time: 1 seconds (0d 0h 0m 1s)

